kotlin version: 2.0.21
error message: org.jetbrains.kotlin.backend.common.BackendException: Backend Internal error: Exception during IR lowering
File being compiled: /Users/micahoates/Developer/solana-seeker-app/app/src/main/java/com/truetap/solana/seeker/ui/components/TrueTapButton.kt
The root cause java.lang.RuntimeException was thrown at: org.jetbrains.kotlin.backend.jvm.codegen.FunctionCodegen.generate(FunctionCodegen.kt:47)
	at org.jetbrains.kotlin.backend.common.CodegenUtil.reportBackendException(CodegenUtil.kt:253)
	at org.jetbrains.kotlin.backend.common.CodegenUtil.reportBackendException$default(CodegenUtil.kt:236)
	at org.jetbrains.kotlin.backend.common.phaser.PerformByIrFilePhase.invokeSequential(performByIrFile.kt:65)
	at org.jetbrains.kotlin.backend.common.phaser.PerformByIrFilePhase.invoke(performByIrFile.kt:52)
	at org.jetbrains.kotlin.backend.common.phaser.PerformByIrFilePhase.invoke(performByIrFile.kt:38)
	at org.jetbrains.kotlin.backend.common.phaser.NamedCompilerPhase.phaseBody(CompilerPhase.kt:166)
	at org.jetbrains.kotlin.backend.common.phaser.AbstractNamedCompilerPhase.invoke(CompilerPhase.kt:113)
	at org.jetbrains.kotlin.backend.common.phaser.CompositePhase.invoke(PhaseBuilders.kt:27)
	at org.jetbrains.kotlin.backend.common.phaser.CompositePhase.invoke(PhaseBuilders.kt:14)
	at org.jetbrains.kotlin.backend.common.phaser.NamedCompilerPhase.phaseBody(CompilerPhase.kt:166)
	at org.jetbrains.kotlin.backend.common.phaser.AbstractNamedCompilerPhase.invoke(CompilerPhase.kt:113)
	at org.jetbrains.kotlin.backend.common.phaser.CompilerPhaseKt.invokeToplevel(CompilerPhase.kt:62)
	at org.jetbrains.kotlin.backend.jvm.JvmIrCodegenFactory.invokeCodegen(JvmIrCodegenFactory.kt:371)
	at org.jetbrains.kotlin.codegen.CodegenFactory.generateModule(CodegenFactory.kt:47)
	at org.jetbrains.kotlin.backend.jvm.JvmIrCodegenFactory.generateModuleInFrontendIRMode(JvmIrCodegenFactory.kt:433)
	at org.jetbrains.kotlin.cli.jvm.compiler.pipeline.JvmCompilerPipelineKt.generateCodeFromIr(jvmCompilerPipeline.kt:246)
	at org.jetbrains.kotlin.cli.jvm.compiler.pipeline.JvmCompilerPipelineKt.compileModulesUsingFrontendIrAndLightTree(jvmCompilerPipeline.kt:142)
	at org.jetbrains.kotlin.cli.jvm.K2JVMCompiler.doExecute(K2JVMCompiler.kt:148)
	at org.jetbrains.kotlin.cli.jvm.K2JVMCompiler.doExecute(K2JVMCompiler.kt:43)
	at org.jetbrains.kotlin.cli.common.CLICompiler.execImpl(CLICompiler.kt:103)
	at org.jetbrains.kotlin.cli.common.CLICompiler.execImpl(CLICompiler.kt:49)
	at org.jetbrains.kotlin.cli.common.CLITool.exec(CLITool.kt:101)
	at org.jetbrains.kotlin.incremental.IncrementalJvmCompilerRunner.runCompiler(IncrementalJvmCompilerRunner.kt:464)
	at org.jetbrains.kotlin.incremental.IncrementalJvmCompilerRunner.runCompiler(IncrementalJvmCompilerRunner.kt:73)
	at org.jetbrains.kotlin.incremental.IncrementalCompilerRunner.doCompile(IncrementalCompilerRunner.kt:506)
	at org.jetbrains.kotlin.incremental.IncrementalCompilerRunner.compileImpl(IncrementalCompilerRunner.kt:423)
	at org.jetbrains.kotlin.incremental.IncrementalCompilerRunner.compileNonIncrementally(IncrementalCompilerRunner.kt:301)
	at org.jetbrains.kotlin.incremental.IncrementalCompilerRunner.compile(IncrementalCompilerRunner.kt:129)
	at org.jetbrains.kotlin.daemon.CompileServiceImplBase.execIncrementalCompiler(CompileServiceImpl.kt:675)
	at org.jetbrains.kotlin.daemon.CompileServiceImplBase.access$execIncrementalCompiler(CompileServiceImpl.kt:92)
	at org.jetbrains.kotlin.daemon.CompileServiceImpl.compile(CompileServiceImpl.kt:1660)
	at java.base/jdk.internal.reflect.DirectMethodHandleAccessor.invoke(DirectMethodHandleAccessor.java:103)
	at java.base/java.lang.reflect.Method.invoke(Method.java:580)
	at java.rmi/sun.rmi.server.UnicastServerRef.dispatch(UnicastServerRef.java:360)
	at java.rmi/sun.rmi.transport.Transport$1.run(Transport.java:200)
	at java.rmi/sun.rmi.transport.Transport$1.run(Transport.java:197)
	at java.base/java.security.AccessController.doPrivileged(AccessController.java:714)
	at java.rmi/sun.rmi.transport.Transport.serviceCall(Transport.java:196)
	at java.rmi/sun.rmi.transport.tcp.TCPTransport.handleMessages(TCPTransport.java:598)
	at java.rmi/sun.rmi.transport.tcp.TCPTransport$ConnectionHandler.run0(TCPTransport.java:844)
	at java.rmi/sun.rmi.transport.tcp.TCPTransport$ConnectionHandler.lambda$run$0(TCPTransport.java:721)
	at java.base/java.security.AccessController.doPrivileged(AccessController.java:400)
	at java.rmi/sun.rmi.transport.tcp.TCPTransport$ConnectionHandler.run(TCPTransport.java:720)
	at java.base/java.util.concurrent.ThreadPoolExecutor.runWorker(ThreadPoolExecutor.java:1144)
	at java.base/java.util.concurrent.ThreadPoolExecutor$Worker.run(ThreadPoolExecutor.java:642)
	at java.base/java.lang.Thread.run(Thread.java:1583)
Caused by: java.lang.RuntimeException: Exception while generating code for:
FUN name:TrueTapButton visibility:public modality:FINAL <> (modifier:androidx.compose.ui.Modifier?, onClick:kotlin.Function0<kotlin.Unit>, $composer:androidx.compose.runtime.Composer?, $changed:kotlin.Int, $default:kotlin.Int) returnType:kotlin.Unit
  annotations:
    Composable
    ComposableTarget(applier = "androidx.compose.ui.UiComposable")
  VALUE_PARAMETER name:modifier index:0 type:androidx.compose.ui.Modifier? [assignable]
  VALUE_PARAMETER name:onClick index:1 type:kotlin.Function0<kotlin.Unit>
  VALUE_PARAMETER name:$composer index:2 type:androidx.compose.runtime.Composer? [assignable]
  VALUE_PARAMETER name:$changed index:3 type:kotlin.Int
  VALUE_PARAMETER MASK_FOR_DEFAULT_FUNCTION name:$default index:4 type:kotlin.Int
  BLOCK_BODY
    BLOCK type=kotlin.Unit origin=null
      SET_VAR '$composer: androidx.compose.runtime.Composer? [assignable] declared in com.truetap.solana.seeker.ui.components.TrueTapButtonKt.TrueTapButton' type=kotlin.Unit origin=null
        CALL 'public abstract fun startRestartGroup (key: kotlin.Int): androidx.compose.runtime.Composer declared in androidx.compose.runtime.Composer' type=androidx.compose.runtime.Composer origin=null
          $this: GET_VAR '$composer: androidx.compose.runtime.Composer? [assignable] declared in com.truetap.solana.seeker.ui.components.TrueTapButtonKt.TrueTapButton' type=androidx.compose.runtime.Composer? origin=null
          key: CONST Int type=kotlin.Int value=1979087624
      CALL 'public final fun sourceInformation (composer: androidx.compose.runtime.Composer, sourceInformation: kotlin.String): kotlin.Unit declared in androidx.compose.runtime.ComposerKt' type=kotlin.Unit origin=null
        composer: GET_VAR '$composer: androidx.compose.runtime.Composer? [assignable] declared in com.truetap.solana.seeker.ui.components.TrueTapButtonKt.TrueTapButton' type=androidx.compose.runtime.Composer? origin=null
        sourceInformation: CONST String type=kotlin.String value="C(TrueTapButton)22@813L7,23@850L45,25@937L264,35@1243L265,46@1558L104,54@1854L94,45@1518L623:TrueTapButton.kt#8e91jf"
    VAR name:$dirty type:kotlin.Int [val]
      GET_VAR '$changed: kotlin.Int declared in com.truetap.solana.seeker.ui.components.TrueTapButtonKt.TrueTapButton' type=kotlin.Int origin=null
    WHEN type=kotlin.Unit origin=IF
      BRANCH
        if: CALL 'public final fun not (): kotlin.Boolean [operator] declared in kotlin.Boolean' type=kotlin.Boolean origin=null
          $this: CALL 'public final fun EQEQ (arg0: kotlin.Any?, arg1: kotlin.Any?): kotlin.Boolean declared in kotlin.internal.ir' type=kotlin.Boolean origin=null
            arg0: CALL 'public final fun and (other: kotlin.Int): kotlin.Int [infix] declared in kotlin.Int' type=kotlin.Int origin=null
              $this: GET_VAR '$default: kotlin.Int declared in com.truetap.solana.seeker.ui.components.TrueTapButtonKt.TrueTapButton' type=kotlin.Int origin=null
              other: CONST Int type=kotlin.Int value=1
            arg1: CONST Int type=kotlin.Int value=0
        then: SET_VAR 'val $dirty: kotlin.Int [val] declared in com.truetap.solana.seeker.ui.components.TrueTapButtonKt.TrueTapButton' type=kotlin.Unit origin=null
          CALL 'public final fun or (other: kotlin.Int): kotlin.Int [infix] declared in kotlin.Int' type=kotlin.Int origin=null
            $this: GET_VAR 'val $dirty: kotlin.Int [val] declared in com.truetap.solana.seeker.ui.components.TrueTapButtonKt.TrueTapButton' type=kotlin.Int origin=null
            other: CONST Int type=kotlin.Int value=6
      BRANCH
        if: CALL 'public final fun EQEQ (arg0: kotlin.Any?, arg1: kotlin.Any?): kotlin.Boolean declared in kotlin.internal.ir' type=kotlin.Boolean origin=null
          arg0: CALL 'public final fun and (other: kotlin.Int): kotlin.Int [infix] declared in kotlin.Int' type=kotlin.Int origin=null
            $this: GET_VAR '$changed: kotlin.Int declared in com.truetap.solana.seeker.ui.components.TrueTapButtonKt.TrueTapButton' type=kotlin.Int origin=null
            other: CONST Int type=kotlin.Int value=6
          arg1: CONST Int type=kotlin.Int value=0
        then: SET_VAR 'val $dirty: kotlin.Int [val] declared in com.truetap.solana.seeker.ui.components.TrueTapButtonKt.TrueTapButton' type=kotlin.Unit origin=null
          CALL 'public final fun or (other: kotlin.Int): kotlin.Int [infix] declared in kotlin.Int' type=kotlin.Int origin=null
            $this: GET_VAR 'val $dirty: kotlin.Int [val] declared in com.truetap.solana.seeker.ui.components.TrueTapButtonKt.TrueTapButton' type=kotlin.Int origin=null
            other: WHEN type=kotlin.Int origin=IF
              BRANCH
                if: CALL 'public abstract fun changed (value: kotlin.Any?): kotlin.Boolean declared in androidx.compose.runtime.Composer' type=kotlin.Boolean origin=null
                  $this: GET_VAR '$composer: androidx.compose.runtime.Composer? [assignable] declared in com.truetap.solana.seeker.ui.components.TrueTapButtonKt.TrueTapButton' type=androidx.compose.runtime.Composer? origin=null
                  value: GET_VAR 'modifier: androidx.compose.ui.Modifier? [assignable] declared in com.truetap.solana.seeker.ui.components.TrueTapButtonKt.TrueTapButton' type=androidx.compose.ui.Modifier? origin=null
                then: CONST Int type=kotlin.Int value=4
              BRANCH
                if: CONST Boolean type=kotlin.Boolean value=true
                then: CONST Int type=kotlin.Int value=2
    WHEN type=kotlin.Unit origin=IF
      BRANCH
        if: CALL 'public final fun not (): kotlin.Boolean [operator] declared in kotlin.Boolean' type=kotlin.Boolean origin=null
          $this: CALL 'public final fun EQEQ (arg0: kotlin.Any?, arg1: kotlin.Any?): kotlin.Boolean declared in kotlin.internal.ir' type=kotlin.Boolean origin=null
            arg0: CALL 'public final fun and (other: kotlin.Int): kotlin.Int [infix] declared in kotlin.Int' type=kotlin.Int origin=null
              $this: GET_VAR '$default: kotlin.Int declared in com.truetap.solana.seeker.ui.components.TrueTapButtonKt.TrueTapButton' type=kotlin.Int origin=null
              other: CONST Int type=kotlin.Int value=2
            arg1: CONST Int type=kotlin.Int value=0
        then: SET_VAR 'val $dirty: kotlin.Int [val] declared in com.truetap.solana.seeker.ui.components.TrueTapButtonKt.TrueTapButton' type=kotlin.Unit origin=null
          CALL 'public final fun or (other: kotlin.Int): kotlin.Int [infix] declared in kotlin.Int' type=kotlin.Int origin=null
            $this: GET_VAR 'val $dirty: kotlin.Int [val] declared in com.truetap.solana.seeker.ui.components.TrueTapButtonKt.TrueTapButton' type=kotlin.Int origin=null
            other: CONST Int type=kotlin.Int value=48
      BRANCH
        if: CALL 'public final fun EQEQ (arg0: kotlin.Any?, arg1: kotlin.Any?): kotlin.Boolean declared in kotlin.internal.ir' type=kotlin.Boolean origin=null
          arg0: CALL 'public final fun and (other: kotlin.Int): kotlin.Int [infix] declared in kotlin.Int' type=kotlin.Int origin=null
            $this: GET_VAR '$changed: kotlin.Int declared in com.truetap.solana.seeker.ui.components.TrueTapButtonKt.TrueTapButton' type=kotlin.Int origin=null
            other: CONST Int type=kotlin.Int value=48
          arg1: CONST Int type=kotlin.Int value=0
        then: SET_VAR 'val $dirty: kotlin.Int [val] declared in com.truetap.solana.seeker.ui.components.TrueTapButtonKt.TrueTapButton' type=kotlin.Unit origin=null
          CALL 'public final fun or (other: kotlin.Int): kotlin.Int [infix] declared in kotlin.Int' type=kotlin.Int origin=null
            $this: GET_VAR 'val $dirty: kotlin.Int [val] declared in com.truetap.solana.seeker.ui.components.TrueTapButtonKt.TrueTapButton' type=kotlin.Int origin=null
            other: WHEN type=kotlin.Int origin=IF
              BRANCH
                if: CALL 'public open fun changedInstance (value: kotlin.Any?): kotlin.Boolean declared in androidx.compose.runtime.Composer' type=kotlin.Boolean origin=null
                  $this: GET_VAR '$composer: androidx.compose.runtime.Composer? [assignable] declared in com.truetap.solana.seeker.ui.components.TrueTapButtonKt.TrueTapButton' type=androidx.compose.runtime.Composer? origin=null
                  value: GET_VAR 'onClick: kotlin.Function0<kotlin.Unit> declared in com.truetap.solana.seeker.ui.components.TrueTapButtonKt.TrueTapButton' type=kotlin.Function0<kotlin.Unit> origin=null
                then: CONST Int type=kotlin.Int value=32
              BRANCH
                if: CONST Boolean type=kotlin.Boolean value=true
                then: CONST Int type=kotlin.Int value=16
    WHEN type=kotlin.Unit origin=IF
      BRANCH
        if: CALL 'public final fun OROR (arg0: kotlin.Boolean, arg1: kotlin.Boolean): kotlin.Boolean declared in kotlin.internal.ir' type=kotlin.Boolean origin=null
          arg0: CALL 'public final fun not (): kotlin.Boolean [operator] declared in kotlin.Boolean' type=kotlin.Boolean origin=null
            $this: CALL 'public final fun EQEQ (arg0: kotlin.Any?, arg1: kotlin.Any?): kotlin.Boolean declared in kotlin.internal.ir' type=kotlin.Boolean origin=null
              arg0: CALL 'public final fun and (other: kotlin.Int): kotlin.Int [infix] declared in kotlin.Int' type=kotlin.Int origin=null
                $this: GET_VAR 'val $dirty: kotlin.Int [val] declared in com.truetap.solana.seeker.ui.components.TrueTapButtonKt.TrueTapButton' type=kotlin.Int origin=null
                other: CONST Int type=kotlin.Int value=19
              arg1: CONST Int type=kotlin.Int value=18
          arg1: CALL 'public final fun not (): kotlin.Boolean [operator] declared in kotlin.Boolean' type=kotlin.Boolean origin=null
            $this: CALL 'public abstract fun <get-skipping> (): kotlin.Boolean declared in androidx.compose.runtime.Composer' type=kotlin.Boolean origin=null
              $this: GET_VAR '$composer: androidx.compose.runtime.Composer? [assignable] declared in com.truetap.solana.seeker.ui.components.TrueTapButtonKt.TrueTapButton' type=androidx.compose.runtime.Composer? origin=null
        then: BLOCK type=kotlin.Unit origin=null
          WHEN type=kotlin.Unit origin=IF
            BRANCH
              if: CALL 'public final fun not (): kotlin.Boolean [operator] declared in kotlin.Boolean' type=kotlin.Boolean origin=null
                $this: CALL 'public final fun EQEQ (arg0: kotlin.Any?, arg1: kotlin.Any?): kotlin.Boolean declared in kotlin.internal.ir' type=kotlin.Boolean origin=null
                  arg0: CALL 'public final fun and (other: kotlin.Int): kotlin.Int [infix] declared in kotlin.Int' type=kotlin.Int origin=null
                    $this: GET_VAR '$default: kotlin.Int declared in com.truetap.solana.seeker.ui.components.TrueTapButtonKt.TrueTapButton' type=kotlin.Int origin=null
                    other: CONST Int type=kotlin.Int value=1
                  arg1: CONST Int type=kotlin.Int value=0
              then: SET_VAR 'modifier: androidx.compose.ui.Modifier? [assignable] declared in com.truetap.solana.seeker.ui.components.TrueTapButtonKt.TrueTapButton' type=kotlin.Unit origin=null
                GET_FIELD 'FIELD FIELD_FOR_OBJECT_INSTANCE name:Companion type:androidx.compose.ui.Modifier.Companion visibility:public [final,static] declared in androidx.compose.ui.Modifier' type=androidx.compose.ui.Modifier.Companion origin=null
          WHEN type=kotlin.Unit origin=IF
            BRANCH
              if: CALL 'public final fun isTraceInProgress (): kotlin.Boolean declared in androidx.compose.runtime.ComposerKt' type=kotlin.Boolean origin=null
              then: CALL 'public final fun traceEventStart (key: kotlin.Int, dirty1: kotlin.Int, dirty2: kotlin.Int, info: kotlin.String): kotlin.Unit declared in androidx.compose.runtime.ComposerKt' type=kotlin.Unit origin=null
                key: CONST Int type=kotlin.Int value=1979087624
                dirty1: GET_VAR 'val $dirty: kotlin.Int [val] declared in com.truetap.solana.seeker.ui.components.TrueTapButtonKt.TrueTapButton' type=kotlin.Int origin=null
                dirty2: CONST Int type=kotlin.Int value=-1
                info: CONST String type=kotlin.String value="com.truetap.solana.seeker.ui.components.TrueTapButton (TrueTapButton.kt:21)"
          VAR name:haptic type:androidx.compose.ui.hapticfeedback.HapticFeedback [val]
            CALL 'public final fun <get-current> ($composer: androidx.compose.runtime.Composer?, $changed: kotlin.Int): T of androidx.compose.runtime.CompositionLocal [inline] declared in androidx.compose.runtime.CompositionLocal' type=androidx.compose.ui.hapticfeedback.HapticFeedback origin=GET_PROPERTY
              $this: TYPE_OP type=androidx.compose.runtime.CompositionLocal<T of androidx.compose.runtime.CompositionLocal> origin=IMPLICIT_CAST typeOperand=androidx.compose.runtime.CompositionLocal<T of androidx.compose.runtime.CompositionLocal>
                CALL 'public final fun <get-LocalHapticFeedback> (): androidx.compose.runtime.ProvidableCompositionLocal<androidx.compose.ui.hapticfeedback.HapticFeedback> declared in androidx.compose.ui.platform.CompositionLocalsKt' type=androidx.compose.runtime.ProvidableCompositionLocal<androidx.compose.ui.hapticfeedback.HapticFeedback> origin=GET_PROPERTY
              $composer: GET_VAR '$composer: androidx.compose.runtime.Composer? [assignable] declared in com.truetap.solana.seeker.ui.components.TrueTapButtonKt.TrueTapButton' type=androidx.compose.runtime.Composer? origin=null
              $changed: CONST Int type=kotlin.Int value=0
          VAR name:infiniteTransition type:androidx.compose.animation.core.InfiniteTransition [val]
            CALL 'public final fun rememberInfiniteTransition (label: kotlin.String?, $composer: androidx.compose.runtime.Composer?, $changed: kotlin.Int, $default: kotlin.Int): androidx.compose.animation.core.InfiniteTransition declared in androidx.compose.animation.core.InfiniteTransitionKt' type=androidx.compose.animation.core.InfiniteTransition origin=null
              label: CONST String type=kotlin.String value="shimmer"
              $composer: GET_VAR '$composer: androidx.compose.runtime.Composer? [assignable] declared in com.truetap.solana.seeker.ui.components.TrueTapButtonKt.TrueTapButton' type=androidx.compose.runtime.Composer? origin=null
              $changed: CONST Int type=kotlin.Int value=6
              $default: CONST Int type=kotlin.Int value=0
          VAR PROPERTY_DELEGATE name:alpha$delegate type:androidx.compose.runtime.State<kotlin.Float> [val]
            CALL 'public final fun animateFloat (initialValue: kotlin.Float, targetValue: kotlin.Float, animationSpec: androidx.compose.animation.core.InfiniteRepeatableSpec<kotlin.Float>, label: kotlin.String?, $composer: androidx.compose.runtime.Composer?, $changed: kotlin.Int, $default: kotlin.Int): androidx.compose.runtime.State<kotlin.Float> declared in androidx.compose.animation.core.InfiniteTransitionKt' type=androidx.compose.runtime.State<kotlin.Float> origin=null
              $receiver: GET_VAR 'val infiniteTransition: androidx.compose.animation.core.InfiniteTransition [val] declared in com.truetap.solana.seeker.ui.components.TrueTapButtonKt.TrueTapButton' type=androidx.compose.animation.core.InfiniteTransition origin=null
              initialValue: CONST Float type=kotlin.Float value=0.7
              targetValue: CONST Float type=kotlin.Float value=1.0
              animationSpec: TYPE_OP type=androidx.compose.animation.core.InfiniteRepeatableSpec<kotlin.Float> origin=IMPLICIT_CAST typeOperand=androidx.compose.animation.core.InfiniteRepeatableSpec<kotlin.Float>
                CALL 'public final fun infiniteRepeatable-9IiC70o$default <T> (animation: androidx.compose.animation.core.DurationBasedAnimationSpec<T of androidx.compose.animation.core.AnimationSpecKt.infiniteRepeatable-9IiC70o$default>, repeatMode: androidx.compose.animation.core.RepeatMode?, initialStartOffset: androidx.compose.animation.core.StartOffset, $mask0: kotlin.Int, $handler: kotlin.Any?): androidx.compose.animation.core.InfiniteRepeatableSpec<T of androidx.compose.animation.core.AnimationSpecKt.infiniteRepeatable> declared in androidx.compose.animation.core.AnimationSpecKt' type=androidx.compose.animation.core.InfiniteRepeatableSpec<T of androidx.compose.animation.core.AnimationSpecKt.infiniteRepeatable> origin=DEFAULT_DISPATCH_CALL
                  <T>: kotlin.Float
                  animation: TYPE_OP type=androidx.compose.animation.core.TweenSpec<kotlin.Float> origin=IMPLICIT_CAST typeOperand=androidx.compose.animation.core.TweenSpec<kotlin.Float>
                    CALL 'public final fun tween$default <T> (durationMillis: kotlin.Int, delayMillis: kotlin.Int, easing: androidx.compose.animation.core.Easing?, $mask0: kotlin.Int, $handler: kotlin.Any?): androidx.compose.animation.core.TweenSpec<T of androidx.compose.animation.core.AnimationSpecKt.tween$default> declared in androidx.compose.animation.core.AnimationSpecKt' type=androidx.compose.animation.core.TweenSpec<T of androidx.compose.animation.core.AnimationSpecKt.tween$default> origin=DEFAULT_DISPATCH_CALL
                      <T>: kotlin.Float
                      durationMillis: CONST Int type=kotlin.Int value=1000
                      delayMillis: COMPOSITE type=kotlin.Int origin=DEFAULT_VALUE
                        CONST Int type=kotlin.Int value=0
                      easing: CALL 'public final fun <get-FastOutSlowInEasing> (): androidx.compose.animation.core.Easing declared in androidx.compose.animation.core.EasingKt' type=androidx.compose.animation.core.Easing origin=GET_PROPERTY
                      $mask0: CONST Int type=kotlin.Int value=2
                      $handler: CONST Null type=kotlin.Any? value=null
                  repeatMode: GET_FIELD 'FIELD FIELD_FOR_ENUM_ENTRY name:Reverse type:androidx.compose.animation.core.RepeatMode visibility:public [final,static] declared in androidx.compose.animation.core.RepeatMode' type=androidx.compose.animation.core.RepeatMode origin=null
                  initialStartOffset: COMPOSITE type=androidx.compose.animation.core.StartOffset origin=DEFAULT_VALUE
                    CALL 'public final fun <unsafe-coerce> <T, R> (v: T of kotlin.jvm.internal.<unsafe-coerce>): R of kotlin.jvm.internal.<unsafe-coerce> declared in kotlin.jvm.internal' type=androidx.compose.animation.core.StartOffset origin=null
                      <T>: kotlin.Long
                      <R>: androidx.compose.animation.core.StartOffset
                      v: CONST Long type=kotlin.Long value=0
                  $mask0: CONST Int type=kotlin.Int value=4
                  $handler: CONST Null type=kotlin.Any? value=null
              label: CONST String type=kotlin.String value="alpha"
              $composer: GET_VAR '$composer: androidx.compose.runtime.Composer? [assignable] declared in com.truetap.solana.seeker.ui.components.TrueTapButtonKt.TrueTapButton' type=androidx.compose.runtime.Composer? origin=null
              $changed: CALL 'public final fun or (other: kotlin.Int): kotlin.Int [infix] declared in kotlin.Int' type=kotlin.Int origin=null
                $this: CALL 'public final fun or (other: kotlin.Int): kotlin.Int [infix] declared in kotlin.Int' type=kotlin.Int origin=null
                  $this: CONST Int type=kotlin.Int value=25008
                  other: GET_FIELD 'FIELD name:$stable type:kotlin.Int visibility:public [final,static] declared in androidx.compose.animation.core.InfiniteTransition' type=kotlin.Int origin=null
                other: CALL 'public final fun shl (bitCount: kotlin.Int): kotlin.Int [infix] declared in kotlin.Int' type=kotlin.Int origin=null
                  $this: GET_FIELD 'FIELD name:$stable type:kotlin.Int visibility:public [final,static] declared in androidx.compose.animation.core.InfiniteRepeatableSpec' type=kotlin.Int origin=null
                  bitCount: CONST Int type=kotlin.Int value=9
              $default: CONST Int type=kotlin.Int value=0
          VAR PROPERTY_DELEGATE name:scale$delegate type:androidx.compose.runtime.State<kotlin.Float> [val]
            CALL 'public final fun animateFloat (initialValue: kotlin.Float, targetValue: kotlin.Float, animationSpec: androidx.compose.animation.core.InfiniteRepeatableSpec<kotlin.Float>, label: kotlin.String?, $composer: androidx.compose.runtime.Composer?, $changed: kotlin.Int, $default: kotlin.Int): androidx.compose.runtime.State<kotlin.Float> declared in androidx.compose.animation.core.InfiniteTransitionKt' type=androidx.compose.runtime.State<kotlin.Float> origin=null
              $receiver: GET_VAR 'val infiniteTransition: androidx.compose.animation.core.InfiniteTransition [val] declared in com.truetap.solana.seeker.ui.components.TrueTapButtonKt.TrueTapButton' type=androidx.compose.animation.core.InfiniteTransition origin=null
              initialValue: CONST Float type=kotlin.Float value=1.0
              targetValue: CONST Float type=kotlin.Float value=1.05
              animationSpec: TYPE_OP type=androidx.compose.animation.core.InfiniteRepeatableSpec<kotlin.Float> origin=IMPLICIT_CAST typeOperand=androidx.compose.animation.core.InfiniteRepeatableSpec<kotlin.Float>
                CALL 'public final fun infiniteRepeatable-9IiC70o$default <T> (animation: androidx.compose.animation.core.DurationBasedAnimationSpec<T of androidx.compose.animation.core.AnimationSpecKt.infiniteRepeatable-9IiC70o$default>, repeatMode: androidx.compose.animation.core.RepeatMode?, initialStartOffset: androidx.compose.animation.core.StartOffset, $mask0: kotlin.Int, $handler: kotlin.Any?): androidx.compose.animation.core.InfiniteRepeatableSpec<T of androidx.compose.animation.core.AnimationSpecKt.infiniteRepeatable> declared in androidx.compose.animation.core.AnimationSpecKt' type=androidx.compose.animation.core.InfiniteRepeatableSpec<T of androidx.compose.animation.core.AnimationSpecKt.infiniteRepeatable> origin=DEFAULT_DISPATCH_CALL
                  <T>: kotlin.Float
                  animation: TYPE_OP type=androidx.compose.animation.core.TweenSpec<kotlin.Float> origin=IMPLICIT_CAST typeOperand=androidx.compose.animation.core.TweenSpec<kotlin.Float>
                    CALL 'public final fun tween$default <T> (durationMillis: kotlin.Int, delayMillis: kotlin.Int, easing: androidx.compose.animation.core.Easing?, $mask0: kotlin.Int, $handler: kotlin.Any?): androidx.compose.animation.core.TweenSpec<T of androidx.compose.animation.core.AnimationSpecKt.tween$default> declared in androidx.compose.animation.core.AnimationSpecKt' type=androidx.compose.animation.core.TweenSpec<T of androidx.compose.animation.core.AnimationSpecKt.tween$default> origin=DEFAULT_DISPATCH_CALL
                      <T>: kotlin.Float
                      durationMillis: CONST Int type=kotlin.Int value=2000
                      delayMillis: COMPOSITE type=kotlin.Int origin=DEFAULT_VALUE
                        CONST Int type=kotlin.Int value=0
                      easing: CALL 'public final fun <get-FastOutSlowInEasing> (): androidx.compose.animation.core.Easing declared in androidx.compose.animation.core.EasingKt' type=androidx.compose.animation.core.Easing origin=GET_PROPERTY
                      $mask0: CONST Int type=kotlin.Int value=2
                      $handler: CONST Null type=kotlin.Any? value=null
                  repeatMode: GET_FIELD 'FIELD FIELD_FOR_ENUM_ENTRY name:Reverse type:androidx.compose.animation.core.RepeatMode visibility:public [final,static] declared in androidx.compose.animation.core.RepeatMode' type=androidx.compose.animation.core.RepeatMode origin=null
                  initialStartOffset: COMPOSITE type=androidx.compose.animation.core.StartOffset origin=DEFAULT_VALUE
                    CALL 'public final fun <unsafe-coerce> <T, R> (v: T of kotlin.jvm.internal.<unsafe-coerce>): R of kotlin.jvm.internal.<unsafe-coerce> declared in kotlin.jvm.internal' type=androidx.compose.animation.core.StartOffset origin=null
                      <T>: kotlin.Long
                      <R>: androidx.compose.animation.core.StartOffset
                      v: CONST Long type=kotlin.Long value=0
                  $mask0: CONST Int type=kotlin.Int value=4
                  $handler: CONST Null type=kotlin.Any? value=null
              label: CONST String type=kotlin.String value="scale"
              $composer: GET_VAR '$composer: androidx.compose.runtime.Composer? [assignable] declared in com.truetap.solana.seeker.ui.components.TrueTapButtonKt.TrueTapButton' type=androidx.compose.runtime.Composer? origin=null
              $changed: CALL 'public final fun or (other: kotlin.Int): kotlin.Int [infix] declared in kotlin.Int' type=kotlin.Int origin=null
                $this: CALL 'public final fun or (other: kotlin.Int): kotlin.Int [infix] declared in kotlin.Int' type=kotlin.Int origin=null
                  $this: CONST Int type=kotlin.Int value=25008
                  other: GET_FIELD 'FIELD name:$stable type:kotlin.Int visibility:public [final,static] declared in androidx.compose.animation.core.InfiniteTransition' type=kotlin.Int origin=null
                other: CALL 'public final fun shl (bitCount: kotlin.Int): kotlin.Int [infix] declared in kotlin.Int' type=kotlin.Int origin=null
                  $this: GET_FIELD 'FIELD name:$stable type:kotlin.Int visibility:public [final,static] declared in androidx.compose.animation.core.InfiniteRepeatableSpec' type=kotlin.Int origin=null
                  bitCount: CONST Int type=kotlin.Int value=9
              $default: CONST Int type=kotlin.Int value=0
          CALL 'public final fun FloatingActionButton-X-z6DiA (onClick: kotlin.Function0<kotlin.Unit>, modifier: androidx.compose.ui.Modifier?, shape: androidx.compose.ui.graphics.Shape?, containerColor: androidx.compose.ui.graphics.Color, contentColor: androidx.compose.ui.graphics.Color, elevation: androidx.compose.material3.FloatingActionButtonElevation?, interactionSource: androidx.compose.foundation.interaction.MutableInteractionSource?, content: kotlin.Function2<androidx.compose.runtime.Composer, kotlin.Int, kotlin.Unit>, $composer: androidx.compose.runtime.Composer?, $changed: kotlin.Int, $default: kotlin.Int): kotlin.Unit declared in androidx.compose.material3.FloatingActionButtonKt' type=kotlin.Unit origin=null
            onClick: BLOCK type=kotlin.Function0<kotlin.Unit> origin=null
              BLOCK type=kotlin.Unit origin=null
                CALL 'public abstract fun startReplaceGroup (key: kotlin.Int): kotlin.Unit declared in androidx.compose.runtime.Composer' type=kotlin.Unit origin=null
                  $this: GET_VAR '$composer: androidx.compose.runtime.Composer? [assignable] declared in com.truetap.solana.seeker.ui.components.TrueTapButtonKt.TrueTapButton' type=androidx.compose.runtime.Composer? origin=null
                  key: CONST Int type=kotlin.Int value=-542965204
                CALL 'public final fun sourceInformation (composer: androidx.compose.runtime.Composer, sourceInformation: kotlin.String): kotlin.Unit declared in androidx.compose.runtime.ComposerKt' type=kotlin.Unit origin=null
                  composer: GET_VAR '$composer: androidx.compose.runtime.Composer? [assignable] declared in com.truetap.solana.seeker.ui.components.TrueTapButtonKt.TrueTapButton' type=androidx.compose.runtime.Composer? origin=null
                  sourceInformation: CONST String type=kotlin.String value="CC(remember):TrueTapButton.kt#9igjgp"
              VAR IR_TEMPORARY_VARIABLE name:tmp0_group type:kotlin.Function0<kotlin.Unit> [val]
                CALL 'public final fun cache <T> (invalid: kotlin.Boolean, block: @[DisallowComposableCalls] kotlin.Function0<T of androidx.compose.runtime.ComposerKt.cache>): T of androidx.compose.runtime.ComposerKt.cache [inline] declared in androidx.compose.runtime.ComposerKt' type=kotlin.Function0<kotlin.Unit> origin=null
                  <T>: kotlin.Function0<kotlin.Unit>
                  $receiver: GET_VAR '$composer: androidx.compose.runtime.Composer? [assignable] declared in com.truetap.solana.seeker.ui.components.TrueTapButtonKt.TrueTapButton' type=androidx.compose.runtime.Composer? origin=null
                  invalid: CALL 'public final fun or (other: kotlin.Boolean): kotlin.Boolean [infix] declared in kotlin.Boolean' type=kotlin.Boolean origin=null
                    $this: CALL 'public open fun changedInstance (value: kotlin.Any?): kotlin.Boolean declared in androidx.compose.runtime.Composer' type=kotlin.Boolean origin=null
                      $this: GET_VAR '$composer: androidx.compose.runtime.Composer? [assignable] declared in com.truetap.solana.seeker.ui.components.TrueTapButtonKt.TrueTapButton' type=androidx.compose.runtime.Composer? origin=null
                      value: GET_VAR 'val haptic: androidx.compose.ui.hapticfeedback.HapticFeedback [val] declared in com.truetap.solana.seeker.ui.components.TrueTapButtonKt.TrueTapButton' type=androidx.compose.ui.hapticfeedback.HapticFeedback origin=null
                    other: CALL 'public final fun EQEQ (arg0: kotlin.Any?, arg1: kotlin.Any?): kotlin.Boolean declared in kotlin.internal.ir' type=kotlin.Boolean origin=null
                      arg0: CALL 'public final fun and (other: kotlin.Int): kotlin.Int [infix] declared in kotlin.Int' type=kotlin.Int origin=null
                        $this: GET_VAR 'val $dirty: kotlin.Int [val] declared in com.truetap.solana.seeker.ui.components.TrueTapButtonKt.TrueTapButton' type=kotlin.Int origin=null
                        other: CONST Int type=kotlin.Int value=112
                      arg1: CONST Int type=kotlin.Int value=32
                  block: BLOCK type=kotlin.Function0<kotlin.Function0<kotlin.Unit>> origin=LAMBDA
                    COMPOSITE type=kotlin.Unit origin=null
                    FUNCTION_REFERENCE 'private final fun TrueTapButton$lambda$3 ($haptic: androidx.compose.ui.hapticfeedback.HapticFeedback, $onClick: kotlin.Function0<kotlin.Unit>): kotlin.Function0<kotlin.Unit> declared in com.truetap.solana.seeker.ui.components.TrueTapButtonKt' type=kotlin.Function0<kotlin.Function0<kotlin.Unit>> origin=INLINE_LAMBDA reflectionTarget=null
                      $haptic: GET_VAR 'val haptic: androidx.compose.ui.hapticfeedback.HapticFeedback [val] declared in com.truetap.solana.seeker.ui.components.TrueTapButtonKt.TrueTapButton' type=androidx.compose.ui.hapticfeedback.HapticFeedback origin=null
                      $onClick: GET_VAR 'onClick: kotlin.Function0<kotlin.Unit> declared in com.truetap.solana.seeker.ui.components.TrueTapButtonKt.TrueTapButton' type=kotlin.Function0<kotlin.Unit> origin=null
              CALL 'public abstract fun endReplaceGroup (): kotlin.Unit declared in androidx.compose.runtime.Composer' type=kotlin.Unit origin=null
                $this: GET_VAR '$composer: androidx.compose.runtime.Composer? [assignable] declared in com.truetap.solana.seeker.ui.components.TrueTapButtonKt.TrueTapButton' type=androidx.compose.runtime.Composer? origin=null
              GET_VAR 'val tmp0_group: kotlin.Function0<kotlin.Unit> [val] declared in com.truetap.solana.seeker.ui.components.TrueTapButtonKt.TrueTapButton' type=kotlin.Function0<kotlin.Unit> origin=null
            modifier: CALL 'public final fun scale (scale: kotlin.Float): androidx.compose.ui.Modifier declared in androidx.compose.ui.draw.ScaleKt' type=androidx.compose.ui.Modifier origin=null
              $receiver: CALL 'public final fun size-3ABfNKs (size: androidx.compose.ui.unit.Dp): androidx.compose.ui.Modifier declared in androidx.compose.foundation.layout.SizeKt' type=androidx.compose.ui.Modifier origin=null
                $receiver: GET_VAR 'modifier: androidx.compose.ui.Modifier? [assignable] declared in com.truetap.solana.seeker.ui.components.TrueTapButtonKt.TrueTapButton' type=androidx.compose.ui.Modifier origin=null
                size: CALL 'public final fun <get-dp> (): androidx.compose.ui.unit.Dp [inline] declared in androidx.compose.ui.unit.DpKt' type=androidx.compose.ui.unit.Dp origin=GET_PROPERTY
                  $receiver: CONST Int type=kotlin.Int value=72
              scale: CALL 'private final fun TrueTapButton$lambda$1 ($scale$delegate: androidx.compose.runtime.State<kotlin.Float>): kotlin.Float declared in com.truetap.solana.seeker.ui.components.TrueTapButtonKt' type=kotlin.Float origin=GET_LOCAL_PROPERTY
                $scale$delegate: GET_VAR 'val scale$delegate: androidx.compose.runtime.State<kotlin.Float> [val] declared in com.truetap.solana.seeker.ui.components.TrueTapButtonKt.TrueTapButton' type=androidx.compose.runtime.State<kotlin.Float> origin=null
            shape: COMPOSITE type=kotlin.Nothing? origin=DEFAULT_VALUE
              CONST Null type=kotlin.Nothing? value=null
            containerColor: CALL 'public final fun copy-wmQWz5c$default (arg0: androidx.compose.ui.graphics.Color, alpha: kotlin.Float, red: kotlin.Float, green: kotlin.Float, blue: kotlin.Float, $mask0: kotlin.Int, $handler: kotlin.Any?): androidx.compose.ui.graphics.Color declared in androidx.compose.ui.graphics.Color' type=androidx.compose.ui.graphics.Color origin=DEFAULT_DISPATCH_CALL
              arg0: CALL 'public final fun <get-TrueTapPrimary> (): androidx.compose.ui.graphics.Color declared in com.truetap.solana.seeker.ui.theme.ColorKt' type=androidx.compose.ui.graphics.Color origin=GET_PROPERTY
              alpha: CALL 'private final fun TrueTapButton$lambda$0 ($alpha$delegate: androidx.compose.runtime.State<kotlin.Float>): kotlin.Float declared in com.truetap.solana.seeker.ui.components.TrueTapButtonKt' type=kotlin.Float origin=GET_LOCAL_PROPERTY
                $alpha$delegate: GET_VAR 'val alpha$delegate: androidx.compose.runtime.State<kotlin.Float> [val] declared in com.truetap.solana.seeker.ui.components.TrueTapButtonKt.TrueTapButton' type=androidx.compose.runtime.State<kotlin.Float> origin=null
              red: COMPOSITE type=kotlin.Float origin=DEFAULT_VALUE
                CONST Float type=kotlin.Float value=0.0
              green: COMPOSITE type=kotlin.Float origin=DEFAULT_VALUE
                CONST Float type=kotlin.Float value=0.0
              blue: COMPOSITE type=kotlin.Float origin=DEFAULT_VALUE
                CONST Float type=kotlin.Float value=0.0
              $mask0: CONST Int type=kotlin.Int value=14
              $handler: CONST Null type=kotlin.Any? value=null
            contentColor: COMPOSITE type=androidx.compose.ui.graphics.Color origin=DEFAULT_VALUE
              CALL 'public final fun <unsafe-coerce> <T, R> (v: T of kotlin.jvm.internal.<unsafe-coerce>): R of kotlin.jvm.internal.<unsafe-coerce> declared in kotlin.jvm.internal' type=androidx.compose.ui.graphics.Color origin=null
                <T>: kotlin.Long
                <R>: androidx.compose.ui.graphics.Color
                v: CONST Long type=kotlin.Long value=0
            elevation: CALL 'public final fun elevation-xZ9-QkE (defaultElevation: androidx.compose.ui.unit.Dp, pressedElevation: androidx.compose.ui.unit.Dp, focusedElevation: androidx.compose.ui.unit.Dp, hoveredElevation: androidx.compose.ui.unit.Dp, $composer: androidx.compose.runtime.Composer?, $changed: kotlin.Int, $default: kotlin.Int): androidx.compose.material3.FloatingActionButtonElevation declared in androidx.compose.material3.FloatingActionButtonDefaults' type=androidx.compose.material3.FloatingActionButtonElevation origin=null
              $this: GET_FIELD 'FIELD FIELD_FOR_OBJECT_INSTANCE name:INSTANCE type:androidx.compose.material3.FloatingActionButtonDefaults visibility:public [final,static] declared in androidx.compose.material3.FloatingActionButtonDefaults' type=androidx.compose.material3.FloatingActionButtonDefaults origin=null
              defaultElevation: CALL 'public final fun <get-dp> (): androidx.compose.ui.unit.Dp [inline] declared in androidx.compose.ui.unit.DpKt' type=androidx.compose.ui.unit.Dp origin=GET_PROPERTY
                $receiver: CONST Int type=kotlin.Int value=12
              pressedElevation: CALL 'public final fun <get-dp> (): androidx.compose.ui.unit.Dp [inline] declared in androidx.compose.ui.unit.DpKt' type=androidx.compose.ui.unit.Dp origin=GET_PROPERTY
                $receiver: CONST Int type=kotlin.Int value=6
              focusedElevation: COMPOSITE type=androidx.compose.ui.unit.Dp origin=DEFAULT_VALUE
                CALL 'public final fun <unsafe-coerce> <T, R> (v: T of kotlin.jvm.internal.<unsafe-coerce>): R of kotlin.jvm.internal.<unsafe-coerce> declared in kotlin.jvm.internal' type=androidx.compose.ui.unit.Dp origin=null
                  <T>: kotlin.Float
                  <R>: androidx.compose.ui.unit.Dp
                  v: CONST Float type=kotlin.Float value=0.0
              hoveredElevation: COMPOSITE type=androidx.compose.ui.unit.Dp origin=DEFAULT_VALUE
                CALL 'public final fun <unsafe-coerce> <T, R> (v: T of kotlin.jvm.internal.<unsafe-coerce>): R of kotlin.jvm.internal.<unsafe-coerce> declared in kotlin.jvm.internal' type=androidx.compose.ui.unit.Dp origin=null
                  <T>: kotlin.Float
                  <R>: androidx.compose.ui.unit.Dp
                  v: CONST Float type=kotlin.Float value=0.0
              $composer: GET_VAR '$composer: androidx.compose.runtime.Composer? [assignable] declared in com.truetap.solana.seeker.ui.components.TrueTapButtonKt.TrueTapButton' type=androidx.compose.runtime.Composer? origin=null
              $changed: CALL 'public final fun or (other: kotlin.Int): kotlin.Int [infix] declared in kotlin.Int' type=kotlin.Int origin=null
                $this: CONST Int type=kotlin.Int value=54
                other: CALL 'public final fun shl (bitCount: kotlin.Int): kotlin.Int [infix] declared in kotlin.Int' type=kotlin.Int origin=null
                  $this: GET_FIELD 'FIELD name:$stable type:kotlin.Int visibility:public [final,static] declared in androidx.compose.material3.FloatingActionButtonDefaults' type=kotlin.Int origin=null
                  bitCount: CONST Int type=kotlin.Int value=12
              $default: CONST Int type=kotlin.Int value=12
            interactionSource: COMPOSITE type=kotlin.Nothing? origin=DEFAULT_VALUE
              CONST Null type=kotlin.Nothing? value=null
            content: CALL 'internal final fun <get-lambda-1> (): kotlin.Function2<androidx.compose.runtime.Composer, kotlin.Int, kotlin.Unit> declared in com.truetap.solana.seeker.ui.components.ComposableSingletons$TrueTapButtonKt' type=kotlin.Function2<androidx.compose.runtime.Composer, kotlin.Int, kotlin.Unit> origin=null
              $this: GET_FIELD 'FIELD FIELD_FOR_OBJECT_INSTANCE name:INSTANCE type:com.truetap.solana.seeker.ui.components.ComposableSingletons$TrueTapButtonKt visibility:public [final,static] declared in com.truetap.solana.seeker.ui.components.ComposableSingletons$TrueTapButtonKt' type=com.truetap.solana.seeker.ui.components.ComposableSingletons$TrueTapButtonKt origin=null
            $composer: GET_VAR '$composer: androidx.compose.runtime.Composer? [assignable] declared in com.truetap.solana.seeker.ui.components.TrueTapButtonKt.TrueTapButton' type=androidx.compose.runtime.Composer? origin=null
            $changed: CONST Int type=kotlin.Int value=12582912
            $default: CONST Int type=kotlin.Int value=84
          WHEN type=kotlin.Unit origin=IF
            BRANCH
              if: CALL 'public final fun isTraceInProgress (): kotlin.Boolean declared in androidx.compose.runtime.ComposerKt' type=kotlin.Boolean origin=null
              then: CALL 'public final fun traceEventEnd (): kotlin.Unit declared in androidx.compose.runtime.ComposerKt' type=kotlin.Unit origin=null
      BRANCH
        if: CONST Boolean type=kotlin.Boolean value=true
        then: CALL 'public abstract fun skipToGroupEnd (): kotlin.Unit declared in androidx.compose.runtime.Composer' type=kotlin.Unit origin=null
          $this: GET_VAR '$composer: androidx.compose.runtime.Composer? [assignable] declared in com.truetap.solana.seeker.ui.components.TrueTapButtonKt.TrueTapButton' type=androidx.compose.runtime.Composer? origin=null
    BLOCK type=kotlin.Unit origin=null
      BLOCK type=kotlin.Unit origin=FOLDED_SAFE_CALL
        WHEN type=kotlin.Unit origin=FOLDED_SAFE_CALL
          BRANCH
            if: COMPOSITE type=kotlin.Boolean origin=null
              VAR IR_TEMPORARY_VARIABLE name:tmp1_safe_receiver type:androidx.compose.runtime.ScopeUpdateScope? [val]
                CALL 'public abstract fun endRestartGroup (): androidx.compose.runtime.ScopeUpdateScope? declared in androidx.compose.runtime.Composer' type=androidx.compose.runtime.ScopeUpdateScope? origin=null
                  $this: GET_VAR '$composer: androidx.compose.runtime.Composer? [assignable] declared in com.truetap.solana.seeker.ui.components.TrueTapButtonKt.TrueTapButton' type=androidx.compose.runtime.Composer? origin=null
              CALL 'public final fun not (): kotlin.Boolean [operator] declared in kotlin.Boolean' type=kotlin.Boolean origin=null
                $this: CALL 'public final fun EQEQ (arg0: kotlin.Any?, arg1: kotlin.Any?): kotlin.Boolean declared in kotlin.internal.ir' type=kotlin.Boolean origin=null
                  arg0: GET_VAR 'val tmp1_safe_receiver: androidx.compose.runtime.ScopeUpdateScope? [val] declared in com.truetap.solana.seeker.ui.components.TrueTapButtonKt.TrueTapButton' type=androidx.compose.runtime.ScopeUpdateScope? origin=null
                  arg1: CONST Null type=kotlin.Nothing? value=null
            then: CALL 'public abstract fun updateScope (block: kotlin.Function2<androidx.compose.runtime.Composer, kotlin.Int, kotlin.Unit>): kotlin.Unit declared in androidx.compose.runtime.ScopeUpdateScope' type=kotlin.Unit origin=null
              $this: GET_VAR 'val tmp1_safe_receiver: androidx.compose.runtime.ScopeUpdateScope? [val] declared in com.truetap.solana.seeker.ui.components.TrueTapButtonKt.TrueTapButton' type=androidx.compose.runtime.ScopeUpdateScope? origin=null
              block: BLOCK type=kotlin.Function2<androidx.compose.runtime.Composer?, kotlin.Int, kotlin.Unit> origin=LAMBDA
                COMPOSITE type=kotlin.Unit origin=null
                CALL 'public final fun <jvm-indy> <T> (dynamicCall: T of kotlin.jvm.internal.<jvm-indy>, bootstrapMethodHandle: kotlin.Any, vararg bootstrapMethodArguments: kotlin.Any): T of kotlin.jvm.internal.<jvm-indy> declared in kotlin.jvm.internal' type=kotlin.Function2<androidx.compose.runtime.Composer?, kotlin.Int, kotlin.Unit> origin=null
                  <T>: kotlin.Function2<androidx.compose.runtime.Composer?, kotlin.Int, kotlin.Unit>
                  dynamicCall: CALL 'public final fun invoke (p0: androidx.compose.ui.Modifier?, p1: kotlin.Function0<kotlin.Unit>, p2: kotlin.Int, p3: kotlin.Int): kotlin.Function2<androidx.compose.runtime.Composer?, kotlin.Int, kotlin.Unit> declared in kotlin.jvm.internal.invokeDynamic' type=kotlin.Function2<androidx.compose.runtime.Composer?, kotlin.Int, kotlin.Unit> origin=null
                    p0: GET_VAR 'modifier: androidx.compose.ui.Modifier? [assignable] declared in com.truetap.solana.seeker.ui.components.TrueTapButtonKt.TrueTapButton' type=androidx.compose.ui.Modifier? origin=null
                    p1: GET_VAR 'onClick: kotlin.Function0<kotlin.Unit> declared in com.truetap.solana.seeker.ui.components.TrueTapButtonKt.TrueTapButton' type=kotlin.Function0<kotlin.Unit> origin=null
                    p2: GET_VAR '$changed: kotlin.Int declared in com.truetap.solana.seeker.ui.components.TrueTapButtonKt.TrueTapButton' type=kotlin.Int origin=null
                    p3: GET_VAR '$default: kotlin.Int declared in com.truetap.solana.seeker.ui.components.TrueTapButtonKt.TrueTapButton' type=kotlin.Int origin=null
                  bootstrapMethodHandle: CALL 'public final fun <jvm-method-handle> (tag: kotlin.Int, owner: kotlin.String, name: kotlin.String, descriptor: kotlin.String, isInterface: kotlin.Boolean): kotlin.Any declared in kotlin.jvm.internal' type=kotlin.Any origin=null
                    tag: CONST Int type=kotlin.Int value=6
                    owner: CONST String type=kotlin.String value="java/lang/invoke/LambdaMetafactory"
                    name: CONST String type=kotlin.String value="metafactory"
                    descriptor: CONST String type=kotlin.String value="(Ljava/lang/invoke/MethodHandles$Lookup;Ljava/lang/String;Ljava/lang/invoke/MethodType;Ljava/lang/invoke/MethodType;Ljava/lang/invoke/MethodHandle;Ljava/lang/invoke/MethodType;)Ljava/lang/invoke/CallSite;"
                    isInterface: CONST Boolean type=kotlin.Boolean value=false
                  bootstrapMethodArguments: VARARG type=kotlin.Array<kotlin.Any> varargElementType=kotlin.Any
                    CALL 'public final fun <jvm-original-method-type> (method: kotlin.Any): kotlin.Any declared in kotlin.jvm.internal' type=kotlin.Any origin=null
                      method: RAW_FUNCTION_REFERENCE 'public abstract fun invoke (p1: P1 of kotlin.Function2, p2: P2 of kotlin.Function2): R of kotlin.Function2 [operator] declared in kotlin.Function2' type=kotlin.Any
                    RAW_FUNCTION_REFERENCE 'private final fun TrueTapButton$lambda$4 ($modifier: androidx.compose.ui.Modifier?, $onClick: kotlin.Function0<kotlin.Unit>, $$changed: kotlin.Int, $$default: kotlin.Int, $composer: androidx.compose.runtime.Composer?, $force: kotlin.Int): kotlin.Unit? declared in com.truetap.solana.seeker.ui.components.TrueTapButtonKt' type=kotlin.Any
                    CALL 'public final fun <jvm-original-method-type> (method: kotlin.Any): kotlin.Any declared in kotlin.jvm.internal' type=kotlin.Any origin=null
                      method: RAW_FUNCTION_REFERENCE 'public abstract fun invoke (p1: androidx.compose.runtime.Composer?, p2: kotlin.Int?): kotlin.Unit? [fake_override,operator] declared in kotlin.jvm.internal.invokeDynamic.<fake>' type=kotlin.Any
          BRANCH
            if: CONST Boolean type=kotlin.Boolean value=true
            then: CONST Null type=kotlin.Any? value=null

	at org.jetbrains.kotlin.backend.jvm.codegen.FunctionCodegen.generate(FunctionCodegen.kt:47)
	at org.jetbrains.kotlin.backend.jvm.codegen.FunctionCodegen.generate$default(FunctionCodegen.kt:40)
	at org.jetbrains.kotlin.backend.jvm.codegen.ClassCodegen.generateMethodNode(ClassCodegen.kt:406)
	at org.jetbrains.kotlin.backend.jvm.codegen.ClassCodegen.generateMethod(ClassCodegen.kt:423)
	at org.jetbrains.kotlin.backend.jvm.codegen.ClassCodegen.generate(ClassCodegen.kt:168)
	at org.jetbrains.kotlin.backend.jvm.FileCodegen.lower(JvmPhases.kt:39)
	at org.jetbrains.kotlin.backend.common.phaser.PhaseFactoriesKt.createFilePhase$lambda$4(PhaseFactories.kt:71)
	at org.jetbrains.kotlin.backend.common.phaser.PhaseBuildersKt$createSimpleNamedCompilerPhase$1.phaseBody(PhaseBuilders.kt:69)
	at org.jetbrains.kotlin.backend.common.phaser.SimpleNamedCompilerPhase.phaseBody(CompilerPhase.kt:226)
	at org.jetbrains.kotlin.backend.common.phaser.AbstractNamedCompilerPhase.invoke(CompilerPhase.kt:113)
	at org.jetbrains.kotlin.backend.common.phaser.PerformByIrFilePhase.invokeSequential(performByIrFile.kt:62)
	... 43 more
Caused by: java.lang.OutOfMemoryError: GC overhead limit exceeded
	at org.jetbrains.org.objectweb.asm.tree.MethodNode.visitVarInsn(MethodNode.java:353)
	at org.jetbrains.org.objectweb.asm.MethodVisitor.visitVarInsn(MethodVisitor.java:359)
	at org.jetbrains.kotlin.codegen.inline.MaxLocalsCalculator.visitVarInsn(MaxLocalsCalculator.java:45)
	at org.jetbrains.kotlin.codegen.inline.MaxStackFrameSizeAndLocalsCalculator.visitVarInsn(MaxStackFrameSizeAndLocalsCalculator.java:151)
	at org.jetbrains.org.objectweb.asm.MethodVisitor.visitVarInsn(MethodVisitor.java:359)
	at org.jetbrains.org.objectweb.asm.commons.LocalVariablesSorter.visitVarInsn(LocalVariablesSorter.java:138)
	at org.jetbrains.org.objectweb.asm.MethodVisitor.visitVarInsn(MethodVisitor.java:359)
	at org.jetbrains.org.objectweb.asm.commons.InstructionAdapter.store(InstructionAdapter.java:797)
	at org.jetbrains.org.objectweb.asm.commons.InstructionAdapter.visitVarInsn(InstructionAdapter.java:446)
	at org.jetbrains.kotlin.codegen.inline.InlineAdapter.visitVarInsn(InlineAdapter.java:54)
	at org.jetbrains.org.objectweb.asm.tree.VarInsnNode.accept(VarInsnNode.java:74)
	at org.jetbrains.org.objectweb.asm.tree.InsnList.accept(InsnList.java:144)
	at org.jetbrains.org.objectweb.asm.tree.MethodNode.accept(MethodNode.java:751)
	at org.jetbrains.kotlin.codegen.inline.MethodInliner.doInline(MethodInliner.kt:433)
	at org.jetbrains.kotlin.codegen.inline.MethodInliner.doInline(MethodInliner.kt:98)
	at org.jetbrains.kotlin.codegen.inline.MethodInliner.doInline(MethodInliner.kt:72)
	at org.jetbrains.kotlin.codegen.inline.InlineCodegen.inlineCall(InlineCodegen.kt:127)
	at org.jetbrains.kotlin.codegen.inline.InlineCodegen.performInline(InlineCodegen.kt:52)
	at org.jetbrains.kotlin.backend.jvm.codegen.IrInlineCodegen.genInlineCall(IrInlineCodegen.kt:163)
	at org.jetbrains.kotlin.backend.jvm.codegen.IrInlineCallGenerator.genCall(IrInlineCallGenerator.kt:36)
	at org.jetbrains.kotlin.backend.jvm.codegen.ExpressionCodegen.visitCall(ExpressionCodegen.kt:653)
	at org.jetbrains.kotlin.backend.jvm.codegen.ExpressionCodegen.visitCall(ExpressionCodegen.kt:138)
	at org.jetbrains.kotlin.ir.expressions.IrCall.accept(IrCall.kt:24)
	at org.jetbrains.kotlin.backend.jvm.codegen.ExpressionCodegen.gen(ExpressionCodegen.kt:217)
	at org.jetbrains.kotlin.backend.jvm.codegen.IrCallGenerator.genValueAndPut(IrCallGenerator.kt:48)
	at org.jetbrains.kotlin.backend.jvm.codegen.ExpressionCodegen.visitCall$handleParameter(ExpressionCodegen.kt:616)
	at org.jetbrains.kotlin.backend.jvm.codegen.ExpressionCodegen.visitCall(ExpressionCodegen.kt:644)
	at org.jetbrains.kotlin.backend.jvm.codegen.ExpressionCodegen.visitCall(ExpressionCodegen.kt:138)
	at org.jetbrains.kotlin.ir.expressions.IrCall.accept(IrCall.kt:24)
	at org.jetbrains.kotlin.backend.jvm.codegen.ExpressionCodegen.gen(ExpressionCodegen.kt:217)
	at org.jetbrains.kotlin.backend.jvm.codegen.IrCallGenerator.genValueAndPut(IrCallGenerator.kt:48)
	at org.jetbrains.kotlin.backend.jvm.codegen.ExpressionCodegen.visitCall$handleParameter(ExpressionCodegen.kt:616)


